2025/03/28 13:47:44 [notice] 1#1: using the "epoll" event method
2025/03/28 13:47:44 [notice] 1#1: nginx/1.27.4
2025/03/28 13:47:44 [notice] 1#1: built by gcc 14.2.0 (Alpine 14.2.0) 
2025/03/28 13:47:44 [notice] 1#1: OS: Linux 5.15.167.4-microsoft-standard-WSL2
2025/03/28 13:47:44 [notice] 1#1: getrlimit(RLIMIT_NOFILE): 1048576:1048576
2025/03/28 13:47:44 [notice] 1#1: start worker processes
2025/03/28 13:47:44 [notice] 1#1: start worker process 20
2025/03/28 13:47:44 [notice] 1#1: start worker process 21
2025/03/28 13:47:44 [notice] 1#1: start worker process 22
2025/03/28 13:47:44 [notice] 1#1: start worker process 23
2025/03/28 13:47:44 [notice] 1#1: start worker process 24
2025/03/28 13:47:44 [notice] 1#1: start worker process 25
2025/03/28 13:47:44 [notice] 1#1: start worker process 26
2025/03/28 13:47:44 [notice] 1#1: start worker process 27
2025/03/28 13:57:28 [notice] 1#1: signal 3 (SIGQUIT) received, shutting down
2025/03/28 13:57:28 [notice] 23#23: gracefully shutting down
2025/03/28 13:57:28 [notice] 27#27: gracefully shutting down
2025/03/28 13:57:28 [notice] 23#23: exiting
2025/03/28 13:57:28 [notice] 27#27: exiting
2025/03/28 13:57:28 [notice] 22#22: gracefully shutting down
2025/03/28 13:57:28 [notice] 22#22: exiting
2025/03/28 13:57:28 [notice] 23#23: exit
2025/03/28 13:57:28 [notice] 27#27: exit
2025/03/28 13:57:28 [notice] 22#22: exit
2025/03/28 13:57:28 [notice] 24#24: gracefully shutting down
2025/03/28 13:57:28 [notice] 24#24: exiting
2025/03/28 13:57:28 [notice] 24#24: exit
2025/03/28 13:57:28 [notice] 25#25: gracefully shutting down
2025/03/28 13:57:28 [notice] 20#20: gracefully shutting down
2025/03/28 13:57:28 [notice] 25#25: exiting
2025/03/28 13:57:28 [notice] 20#20: exiting
2025/03/28 13:57:28 [notice] 25#25: exit
2025/03/28 13:57:28 [notice] 20#20: exit
2025/03/28 13:57:28 [notice] 26#26: gracefully shutting down
2025/03/28 13:57:28 [notice] 26#26: exiting
2025/03/28 13:57:28 [notice] 26#26: exit
2025/03/28 13:57:28 [notice] 21#21: gracefully shutting down
2025/03/28 13:57:28 [notice] 21#21: exiting
2025/03/28 13:57:28 [notice] 21#21: exit
2025/03/28 13:57:28 [notice] 1#1: signal 17 (SIGCHLD) received from 26
2025/03/28 13:57:28 [notice] 1#1: worker process 22 exited with code 0
2025/03/28 13:57:28 [notice] 1#1: worker process 24 exited with code 0
2025/03/28 13:57:28 [notice] 1#1: worker process 21 exited with code 0
2025/03/28 13:57:28 [notice] 1#1: worker process 25 exited with code 0
2025/03/28 13:57:28 [notice] 1#1: worker process 26 exited with code 0
2025/03/28 13:57:28 [notice] 1#1: worker process 27 exited with code 0
2025/03/28 13:57:28 [notice] 1#1: signal 29 (SIGIO) received
2025/03/28 13:57:28 [notice] 1#1: signal 17 (SIGCHLD) received from 24
2025/03/28 13:57:28 [notice] 1#1: signal 17 (SIGCHLD) received from 23
2025/03/28 13:57:28 [notice] 1#1: worker process 23 exited with code 0
2025/03/28 13:57:28 [notice] 1#1: signal 29 (SIGIO) received
2025/03/28 13:57:28 [notice] 1#1: signal 17 (SIGCHLD) received from 20
2025/03/28 13:57:28 [notice] 1#1: worker process 20 exited with code 0
2025/03/28 13:57:28 [notice] 1#1: exit
2025/03/28 13:58:59 [notice] 1#1: using the "epoll" event method
2025/03/28 13:58:59 [notice] 1#1: nginx/1.27.4
2025/03/28 13:58:59 [notice] 1#1: built by gcc 14.2.0 (Alpine 14.2.0) 
2025/03/28 13:58:59 [notice] 1#1: OS: Linux 5.15.167.4-microsoft-standard-WSL2
2025/03/28 13:58:59 [notice] 1#1: getrlimit(RLIMIT_NOFILE): 1048576:1048576
2025/03/28 13:58:59 [notice] 1#1: start worker processes
2025/03/28 13:58:59 [notice] 1#1: start worker process 20
2025/03/28 13:58:59 [notice] 1#1: start worker process 21
2025/03/28 13:58:59 [notice] 1#1: start worker process 22
2025/03/28 13:58:59 [notice] 1#1: start worker process 23
2025/03/28 13:58:59 [notice] 1#1: start worker process 24
2025/03/28 13:58:59 [notice] 1#1: start worker process 25
2025/03/28 13:58:59 [notice] 1#1: start worker process 26
2025/03/28 13:58:59 [notice] 1#1: start worker process 27
2025/03/28 14:10:58 [notice] 1#1: using the "epoll" event method
2025/03/28 14:10:58 [notice] 1#1: nginx/1.27.4
2025/03/28 14:10:58 [notice] 1#1: built by gcc 14.2.0 (Alpine 14.2.0) 
2025/03/28 14:10:58 [notice] 1#1: OS: Linux 5.15.167.4-microsoft-standard-WSL2
2025/03/28 14:10:58 [notice] 1#1: getrlimit(RLIMIT_NOFILE): 1048576:1048576
2025/03/28 14:10:58 [notice] 1#1: start worker processes
2025/03/28 14:10:58 [notice] 1#1: start worker process 21
2025/03/28 14:10:58 [notice] 1#1: start worker process 22
2025/03/28 14:10:58 [notice] 1#1: start worker process 23
2025/03/28 14:10:58 [notice] 1#1: start worker process 24
2025/03/28 14:10:58 [notice] 1#1: start worker process 25
2025/03/28 14:10:58 [notice] 1#1: start worker process 26
2025/03/28 14:10:58 [notice] 1#1: start worker process 27
2025/03/28 14:10:58 [notice] 1#1: start worker process 28
2025/03/28 19:15:36 [notice] 1#1: signal 3 (SIGQUIT) received, shutting down
2025/03/28 19:15:36 [notice] 21#21: gracefully shutting down
2025/03/28 19:15:36 [notice] 22#22: gracefully shutting down
2025/03/28 19:15:36 [notice] 24#24: gracefully shutting down
2025/03/28 19:15:36 [notice] 25#25: gracefully shutting down
2025/03/28 19:15:36 [notice] 21#21: exiting
2025/03/28 19:15:36 [notice] 22#22: exiting
2025/03/28 19:15:36 [notice] 24#24: exiting
2025/03/28 19:15:36 [notice] 25#25: exiting
2025/03/28 19:15:36 [notice] 21#21: exit
2025/03/28 19:15:36 [notice] 25#25: exit
2025/03/28 19:15:36 [notice] 22#22: exit
2025/03/28 19:15:36 [notice] 24#24: exit
2025/03/28 19:15:36 [notice] 26#26: gracefully shutting down
2025/03/28 19:15:36 [notice] 26#26: exiting
2025/03/28 19:15:36 [notice] 26#26: exit
2025/03/28 19:15:36 [notice] 27#27: gracefully shutting down
2025/03/28 19:15:36 [notice] 27#27: exiting
2025/03/28 19:15:36 [notice] 23#23: gracefully shutting down
2025/03/28 19:15:36 [notice] 28#28: gracefully shutting down
2025/03/28 19:15:36 [notice] 23#23: exiting
2025/03/28 19:15:36 [notice] 28#28: exiting
2025/03/28 19:15:36 [notice] 27#27: exit
2025/03/28 19:15:36 [notice] 28#28: exit
2025/03/28 19:15:36 [notice] 23#23: exit
2025/03/28 19:15:36 [notice] 1#1: signal 17 (SIGCHLD) received from 23
2025/03/28 19:15:36 [notice] 1#1: worker process 23 exited with code 0
2025/03/28 19:15:36 [notice] 1#1: signal 29 (SIGIO) received
2025/03/28 19:15:36 [notice] 1#1: signal 17 (SIGCHLD) received from 22
2025/03/28 19:15:36 [notice] 1#1: worker process 21 exited with code 0
2025/03/28 19:15:36 [notice] 1#1: worker process 22 exited with code 0
2025/03/28 19:15:36 [notice] 1#1: worker process 24 exited with code 0
2025/03/28 19:15:36 [notice] 1#1: worker process 27 exited with code 0
2025/03/28 19:15:36 [notice] 1#1: worker process 28 exited with code 0
2025/03/28 19:15:36 [notice] 1#1: signal 29 (SIGIO) received
2025/03/28 19:15:36 [notice] 1#1: signal 17 (SIGCHLD) received from 24
2025/03/28 19:15:36 [notice] 1#1: signal 17 (SIGCHLD) received from 25
2025/03/28 19:15:36 [notice] 1#1: worker process 25 exited with code 0
2025/03/28 19:15:36 [notice] 1#1: worker process 26 exited with code 0
2025/03/28 19:15:36 [notice] 1#1: exit
2025/03/28 19:16:27 [notice] 1#1: using the "epoll" event method
2025/03/28 19:16:27 [notice] 1#1: nginx/1.27.4
2025/03/28 19:16:27 [notice] 1#1: built by gcc 14.2.0 (Alpine 14.2.0) 
2025/03/28 19:16:27 [notice] 1#1: OS: Linux 5.15.167.4-microsoft-standard-WSL2
2025/03/28 19:16:27 [notice] 1#1: getrlimit(RLIMIT_NOFILE): 1048576:1048576
2025/03/28 19:16:27 [notice] 1#1: start worker processes
2025/03/28 19:16:27 [notice] 1#1: start worker process 20
2025/03/28 19:16:27 [notice] 1#1: start worker process 21
2025/03/28 19:16:27 [notice] 1#1: start worker process 22
2025/03/28 19:16:27 [notice] 1#1: start worker process 23
2025/03/28 19:16:27 [notice] 1#1: start worker process 24
2025/03/28 19:16:27 [notice] 1#1: start worker process 25
2025/03/28 19:16:27 [notice] 1#1: start worker process 26
2025/03/28 19:16:27 [notice] 1#1: start worker process 27
